<?xml version="1.0" encoding="UTF-8"?>
<testng-results skipped="0" failed="0" ignored="0" total="1" passed="1">
  <reporter-output>
  </reporter-output>
  <suite name="Suite" duration-ms="66" started-at="2021-08-31T14:47:10 IST" finished-at="2021-08-31T14:47:10 IST">
    <groups>
    </groups>
    <test name="Test" duration-ms="66" started-at="2021-08-31T14:47:10 IST" finished-at="2021-08-31T14:47:10 IST">
      <class name="week7.Testngweek7review">
        <test-method status="PASS" signature="beforeTest()[pri:0, instance:week7.Testngweek7review@1786dec2]" name="beforeTest" is-config="true" duration-ms="10" started-at="2021-08-31T14:47:10 IST" finished-at="2021-08-31T14:47:10 IST">
          <reporter-output>
          </reporter-output>
        </test-method> <!-- beforeTest -->
        <test-method status="PASS" signature="beforeClass()[pri:0, instance:week7.Testngweek7review@1786dec2]" name="beforeClass" is-config="true" duration-ms="1" started-at="2021-08-31T14:47:10 IST" finished-at="2021-08-31T14:47:10 IST">
          <reporter-output>
          </reporter-output>
        </test-method> <!-- beforeClass -->
        <test-method status="PASS" signature="beforeMethod()[pri:0, instance:week7.Testngweek7review@1786dec2]" name="beforeMethod" is-config="true" duration-ms="0" started-at="2021-08-31T14:47:10 IST" finished-at="2021-08-31T14:47:10 IST">
          <reporter-output>
          </reporter-output>
        </test-method> <!-- beforeMethod -->
        <test-method status="PASS" signature="f()[pri:0, instance:week7.Testngweek7review@1786dec2]" name="f" duration-ms="5" started-at="2021-08-31T14:47:10 IST" finished-at="2021-08-31T14:47:10 IST">
          <reporter-output>
          </reporter-output>
        </test-method> <!-- f -->
        <test-method status="PASS" signature="afterMethod()[pri:0, instance:week7.Testngweek7review@1786dec2]" name="afterMethod" is-config="true" duration-ms="1" started-at="2021-08-31T14:47:10 IST" finished-at="2021-08-31T14:47:10 IST">
          <reporter-output>
          </reporter-output>
        </test-method> <!-- afterMethod -->
        <test-method status="PASS" signature="afterClass()[pri:0, instance:week7.Testngweek7review@1786dec2]" name="afterClass" is-config="true" duration-ms="0" started-at="2021-08-31T14:47:10 IST" finished-at="2021-08-31T14:47:10 IST">
          <reporter-output>
          </reporter-output>
        </test-method> <!-- afterClass -->
        <test-method status="PASS" signature="afterTest()[pri:0, instance:week7.Testngweek7review@1786dec2]" name="afterTest" is-config="true" duration-ms="0" started-at="2021-08-31T14:47:10 IST" finished-at="2021-08-31T14:47:10 IST">
          <reporter-output>
          </reporter-output>
        </test-method> <!-- afterTest -->
      </class> <!-- week7.Testngweek7review -->
    </test> <!-- Test -->
  </suite> <!-- Suite -->
</testng-results>
